This file contains any messages produced by compilers while
running configure, to aid debugging if configure makes a mistake.

It was created by tsn_controller configure 0.1, which was
generated by GNU Autoconf 2.69.  Invocation command line was

  $ /home/michael/Documents/tsn_controller/configure --enable-maintainer-mode CFLAGS=-g -O0 CXXFLAGS=-g -O0 JFLAGS=-g -O0 FFLAGS=-g -O0

## --------- ##
## Platform. ##
## --------- ##

hostname = michael-ThinkPad-T480
uname -m = x86_64
uname -r = 4.15.0-50-generic
uname -s = Linux
uname -v = #54-Ubuntu SMP Mon May 6 18:46:08 UTC 2019

/usr/bin/uname -p = unknown
/bin/uname -X     = unknown

/bin/arch              = unknown
/usr/bin/arch -k       = unknown
/usr/convex/getsysinfo = unknown
/usr/bin/hostinfo      = unknown
/bin/machine           = unknown
/usr/bin/oslevel       = unknown
/bin/universe          = unknown

PATH: /usr/local/sbin
PATH: /usr/local/bin
PATH: /usr/sbin
PATH: /usr/bin
PATH: /sbin
PATH: /bin
PATH: /usr/games
PATH: /usr/local/games
PATH: /snap/bin


## ----------- ##
## Core tests. ##
## ----------- ##

configure:2317: checking for a BSD-compatible install
configure:2385: result: /usr/bin/install -c
configure:2396: checking whether build environment is sane
configure:2451: result: yes
configure:2602: checking for a thread-safe mkdir -p
configure:2641: result: /bin/mkdir -p
configure:2648: checking for gawk
configure:2678: result: no
configure:2648: checking for mawk
configure:2664: found /usr/bin/mawk
configure:2675: result: mawk
configure:2686: checking whether make sets $(MAKE)
configure:2708: result: yes
configure:2737: checking whether make supports nested variables
configure:2754: result: yes
configure:2892: checking whether make supports nested variables
configure:2909: result: yes
configure:2969: checking for gcc
configure:2985: found /usr/bin/gcc
configure:2996: result: gcc
configure:3225: checking for C compiler version
configure:3234: gcc --version >&5
gcc (Ubuntu 7.4.0-1ubuntu1~18.04) 7.4.0
Copyright (C) 2017 Free Software Foundation, Inc.
This is free software; see the source for copying conditions.  There is NO
warranty; not even for MERCHANTABILITY or FITNESS FOR A PARTICULAR PURPOSE.

configure:3245: $? = 0
configure:3234: gcc -v >&5
Using built-in specs.
COLLECT_GCC=gcc
COLLECT_LTO_WRAPPER=/usr/lib/gcc/x86_64-linux-gnu/7/lto-wrapper
OFFLOAD_TARGET_NAMES=nvptx-none
OFFLOAD_TARGET_DEFAULT=1
Target: x86_64-linux-gnu
Configured with: ../src/configure -v --with-pkgversion='Ubuntu 7.4.0-1ubuntu1~18.04' --with-bugurl=file:///usr/share/doc/gcc-7/README.Bugs --enable-languages=c,ada,c++,go,brig,d,fortran,objc,obj-c++ --prefix=/usr --with-gcc-major-version-only --program-suffix=-7 --program-prefix=x86_64-linux-gnu- --enable-shared --enable-linker-build-id --libexecdir=/usr/lib --without-included-gettext --enable-threads=posix --libdir=/usr/lib --enable-nls --with-sysroot=/ --enable-clocale=gnu --enable-libstdcxx-debug --enable-libstdcxx-time=yes --with-default-libstdcxx-abi=new --enable-gnu-unique-object --disable-vtable-verify --enable-libmpx --enable-plugin --enable-default-pie --with-system-zlib --with-target-system-zlib --enable-objc-gc=auto --enable-multiarch --disable-werror --with-arch-32=i686 --with-abi=m64 --with-multilib-list=m32,m64,mx32 --enable-multilib --with-tune=generic --enable-offload-targets=nvptx-none --without-cuda-driver --enable-checking=release --build=x86_64-linux-gnu --host=x86_64-linux-gnu --target=x86_64-linux-gnu
Thread model: posix
gcc version 7.4.0 (Ubuntu 7.4.0-1ubuntu1~18.04) 
configure:3245: $? = 0
configure:3234: gcc -V >&5
gcc: error: unrecognized command line option '-V'
gcc: fatal error: no input files
compilation terminated.
configure:3245: $? = 1
configure:3234: gcc -qversion >&5
gcc: error: unrecognized command line option '-qversion'; did you mean '--version'?
gcc: fatal error: no input files
compilation terminated.
configure:3245: $? = 1
configure:3265: checking whether the C compiler works
configure:3287: gcc -g -O0   conftest.c  >&5
configure:3291: $? = 0
configure:3339: result: yes
configure:3342: checking for C compiler default output file name
configure:3344: result: a.out
configure:3350: checking for suffix of executables
configure:3357: gcc -o conftest -g -O0   conftest.c  >&5
configure:3361: $? = 0
configure:3383: result: 
configure:3405: checking whether we are cross compiling
configure:3413: gcc -o conftest -g -O0   conftest.c  >&5
configure:3417: $? = 0
configure:3424: ./conftest
configure:3428: $? = 0
configure:3443: result: no
configure:3448: checking for suffix of object files
configure:3470: gcc -c -g -O0  conftest.c >&5
configure:3474: $? = 0
configure:3495: result: o
configure:3499: checking whether we are using the GNU C compiler
configure:3518: gcc -c -g -O0  conftest.c >&5
configure:3518: $? = 0
configure:3527: result: yes
configure:3536: checking whether gcc accepts -g
configure:3556: gcc -c -g  conftest.c >&5
configure:3556: $? = 0
configure:3597: result: yes
configure:3614: checking for gcc option to accept ISO C89
configure:3677: gcc  -c -g -O0  conftest.c >&5
configure:3677: $? = 0
configure:3690: result: none needed
configure:3715: checking whether gcc understands -c and -o together
configure:3737: gcc -c conftest.c -o conftest2.o
configure:3740: $? = 0
configure:3737: gcc -c conftest.c -o conftest2.o
configure:3740: $? = 0
configure:3752: result: yes
configure:3780: checking for style of include used by make
configure:3808: result: GNU
configure:3834: checking dependency style of gcc
configure:3945: result: gcc3
configure:3965: checking whether NLS is requested
configure:3974: result: yes
configure:3992: checking for intltool >= 0.35.0
configure:3994: result: 0.51.0 found
configure:4002: checking for intltool-update
configure:4020: found /usr/bin/intltool-update
configure:4032: result: /usr/bin/intltool-update
configure:4042: checking for intltool-merge
configure:4060: found /usr/bin/intltool-merge
configure:4072: result: /usr/bin/intltool-merge
configure:4082: checking for intltool-extract
configure:4100: found /usr/bin/intltool-extract
configure:4112: result: /usr/bin/intltool-extract
configure:4266: checking for xgettext
configure:4284: found /usr/bin/xgettext
configure:4296: result: /usr/bin/xgettext
configure:4306: checking for msgmerge
configure:4324: found /usr/bin/msgmerge
configure:4336: result: /usr/bin/msgmerge
configure:4346: checking for msgfmt
configure:4364: found /usr/bin/msgfmt
configure:4376: result: /usr/bin/msgfmt
configure:4386: checking for gmsgfmt
configure:4417: result: /usr/bin/msgfmt
configure:4437: checking for perl
configure:4455: found /usr/bin/perl
configure:4467: result: /usr/bin/perl
configure:4478: checking for perl >= 5.8.1
configure:4485: result: 5.26.1
configure:4489: checking for XML::Parser
configure:4492: result: ok
configure:4520: checking how to run the C preprocessor
configure:4551: gcc -E  conftest.c
configure:4551: $? = 0
configure:4565: gcc -E  conftest.c
conftest.c:12:10: fatal error: ac_nonexistent.h: No such file or directory
 #include <ac_nonexistent.h>
          ^~~~~~~~~~~~~~~~~~
compilation terminated.
configure:4565: $? = 1
configure: failed program was:
| /* confdefs.h */
| #define PACKAGE_NAME "tsn_controller"
| #define PACKAGE_TARNAME "tsn_controller"
| #define PACKAGE_VERSION "0.1"
| #define PACKAGE_STRING "tsn_controller 0.1"
| #define PACKAGE_BUGREPORT ""
| #define PACKAGE_URL ""
| #define PACKAGE "tsn_controller"
| #define VERSION "0.1"
| #define GETTEXT_PACKAGE "tsn_controller"
| /* end confdefs.h.  */
| #include <ac_nonexistent.h>
configure:4590: result: gcc -E
configure:4610: gcc -E  conftest.c
configure:4610: $? = 0
configure:4624: gcc -E  conftest.c
conftest.c:12:10: fatal error: ac_nonexistent.h: No such file or directory
 #include <ac_nonexistent.h>
          ^~~~~~~~~~~~~~~~~~
compilation terminated.
configure:4624: $? = 1
configure: failed program was:
| /* confdefs.h */
| #define PACKAGE_NAME "tsn_controller"
| #define PACKAGE_TARNAME "tsn_controller"
| #define PACKAGE_VERSION "0.1"
| #define PACKAGE_STRING "tsn_controller 0.1"
| #define PACKAGE_BUGREPORT ""
| #define PACKAGE_URL ""
| #define PACKAGE "tsn_controller"
| #define VERSION "0.1"
| #define GETTEXT_PACKAGE "tsn_controller"
| /* end confdefs.h.  */
| #include <ac_nonexistent.h>
configure:4653: checking for grep that handles long lines and -e
configure:4711: result: /bin/grep
configure:4716: checking for egrep
configure:4778: result: /bin/grep -E
configure:4783: checking for ANSI C header files
configure:4803: gcc -c -g -O0  conftest.c >&5
configure:4803: $? = 0
configure:4876: gcc -o conftest -g -O0   conftest.c  >&5
configure:4876: $? = 0
configure:4876: ./conftest
configure:4876: $? = 0
configure:4887: result: yes
configure:4900: checking for sys/types.h
configure:4900: gcc -c -g -O0  conftest.c >&5
configure:4900: $? = 0
configure:4900: result: yes
configure:4900: checking for sys/stat.h
configure:4900: gcc -c -g -O0  conftest.c >&5
configure:4900: $? = 0
configure:4900: result: yes
configure:4900: checking for stdlib.h
configure:4900: gcc -c -g -O0  conftest.c >&5
configure:4900: $? = 0
configure:4900: result: yes
configure:4900: checking for string.h
configure:4900: gcc -c -g -O0  conftest.c >&5
configure:4900: $? = 0
configure:4900: result: yes
configure:4900: checking for memory.h
configure:4900: gcc -c -g -O0  conftest.c >&5
configure:4900: $? = 0
configure:4900: result: yes
configure:4900: checking for strings.h
configure:4900: gcc -c -g -O0  conftest.c >&5
configure:4900: $? = 0
configure:4900: result: yes
configure:4900: checking for inttypes.h
configure:4900: gcc -c -g -O0  conftest.c >&5
configure:4900: $? = 0
configure:4900: result: yes
configure:4900: checking for stdint.h
configure:4900: gcc -c -g -O0  conftest.c >&5
configure:4900: $? = 0
configure:4900: result: yes
configure:4900: checking for unistd.h
configure:4900: gcc -c -g -O0  conftest.c >&5
configure:4900: $? = 0
configure:4900: result: yes
configure:4915: checking locale.h usability
configure:4915: gcc -c -g -O0  conftest.c >&5
configure:4915: $? = 0
configure:4915: result: yes
configure:4915: checking locale.h presence
configure:4915: gcc -E  conftest.c
configure:4915: $? = 0
configure:4915: result: yes
configure:4915: checking for locale.h
configure:4915: result: yes
configure:4926: checking for LC_MESSAGES
configure:4942: gcc -o conftest -g -O0   conftest.c  >&5
configure:4942: $? = 0
configure:4950: result: yes
configure:4968: checking for CFPreferencesCopyAppValue
configure:4986: gcc -o conftest -g -O0   conftest.c  -Wl,-framework -Wl,CoreFoundation >&5
conftest.c:24:10: fatal error: CoreFoundation/CFPreferences.h: No such file or directory
 #include <CoreFoundation/CFPreferences.h>
          ^~~~~~~~~~~~~~~~~~~~~~~~~~~~~~~~
compilation terminated.
configure:4986: $? = 1
configure: failed program was:
| /* confdefs.h */
| #define PACKAGE_NAME "tsn_controller"
| #define PACKAGE_TARNAME "tsn_controller"
| #define PACKAGE_VERSION "0.1"
| #define PACKAGE_STRING "tsn_controller 0.1"
| #define PACKAGE_BUGREPORT ""
| #define PACKAGE_URL ""
| #define PACKAGE "tsn_controller"
| #define VERSION "0.1"
| #define GETTEXT_PACKAGE "tsn_controller"
| #define STDC_HEADERS 1
| #define HAVE_SYS_TYPES_H 1
| #define HAVE_SYS_STAT_H 1
| #define HAVE_STDLIB_H 1
| #define HAVE_STRING_H 1
| #define HAVE_MEMORY_H 1
| #define HAVE_STRINGS_H 1
| #define HAVE_INTTYPES_H 1
| #define HAVE_STDINT_H 1
| #define HAVE_UNISTD_H 1
| #define HAVE_LOCALE_H 1
| #define HAVE_LC_MESSAGES 1
| /* end confdefs.h.  */
| #include <CoreFoundation/CFPreferences.h>
| int
| main ()
| {
| CFPreferencesCopyAppValue(NULL, NULL)
|   ;
|   return 0;
| }
configure:4995: result: no
configure:5002: checking for CFLocaleCopyCurrent
configure:5020: gcc -o conftest -g -O0   conftest.c  -Wl,-framework -Wl,CoreFoundation >&5
conftest.c:24:10: fatal error: CoreFoundation/CFLocale.h: No such file or directory
 #include <CoreFoundation/CFLocale.h>
          ^~~~~~~~~~~~~~~~~~~~~~~~~~~
compilation terminated.
configure:5020: $? = 1
configure: failed program was:
| /* confdefs.h */
| #define PACKAGE_NAME "tsn_controller"
| #define PACKAGE_TARNAME "tsn_controller"
| #define PACKAGE_VERSION "0.1"
| #define PACKAGE_STRING "tsn_controller 0.1"
| #define PACKAGE_BUGREPORT ""
| #define PACKAGE_URL ""
| #define PACKAGE "tsn_controller"
| #define VERSION "0.1"
| #define GETTEXT_PACKAGE "tsn_controller"
| #define STDC_HEADERS 1
| #define HAVE_SYS_TYPES_H 1
| #define HAVE_SYS_STAT_H 1
| #define HAVE_STDLIB_H 1
| #define HAVE_STRING_H 1
| #define HAVE_MEMORY_H 1
| #define HAVE_STRINGS_H 1
| #define HAVE_INTTYPES_H 1
| #define HAVE_STDINT_H 1
| #define HAVE_UNISTD_H 1
| #define HAVE_LOCALE_H 1
| #define HAVE_LC_MESSAGES 1
| /* end confdefs.h.  */
| #include <CoreFoundation/CFLocale.h>
| int
| main ()
| {
| CFLocaleCopyCurrent();
|   ;
|   return 0;
| }
configure:5029: result: no
configure:5043: checking libintl.h usability
configure:5043: gcc -c -g -O0  conftest.c >&5
configure:5043: $? = 0
configure:5043: result: yes
configure:5043: checking libintl.h presence
configure:5043: gcc -E  conftest.c
configure:5043: $? = 0
configure:5043: result: yes
configure:5043: checking for libintl.h
configure:5043: result: yes
configure:5051: checking for ngettext in libc
configure:5069: gcc -o conftest -g -O0   conftest.c  >&5
configure:5069: $? = 0
configure:5078: result: yes
configure:5082: checking for dgettext in libc
configure:5100: gcc -o conftest -g -O0   conftest.c  >&5
configure:5100: $? = 0
configure:5109: result: yes
configure:5116: checking for bind_textdomain_codeset
configure:5116: gcc -o conftest -g -O0   conftest.c  >&5
configure:5116: $? = 0
configure:5116: result: yes
configure:5392: checking for msgfmt
configure:5419: result: /usr/bin/msgfmt
configure:5430: checking for dcgettext
configure:5430: gcc -o conftest -g -O0   conftest.c   >&5
conftest.c:49:6: warning: conflicting types for built-in function 'dcgettext' [-Wbuiltin-declaration-mismatch]
 char dcgettext ();
      ^~~~~~~~~
configure:5430: $? = 0
configure:5430: result: yes
configure:5440: checking if msgfmt accepts -c
configure:5455: $MSGFMT -c -o /dev/null conftest.foo
conftest.foo:3: warning: header field 'Language' missing in header
configure:5458: $? = 0
configure:5460: result: yes
configure:5470: checking for gmsgfmt
configure:5501: result: /usr/bin/msgfmt
configure:5511: checking for xgettext
configure:5538: result: /usr/bin/xgettext
configure:5557: gcc -o conftest -g -O0   conftest.c   >&5
configure:5557: $? = 0
configure:5730: checking build system type
configure:5744: result: x86_64-pc-linux-gnu
configure:5764: checking host system type
configure:5777: result: x86_64-pc-linux-gnu
configure:5818: checking how to print strings
configure:5845: result: printf
configure:5866: checking for a sed that does not truncate output
configure:5930: result: /bin/sed
configure:5948: checking for fgrep
configure:6010: result: /bin/grep -F
configure:6045: checking for ld used by gcc
configure:6112: result: /usr/bin/ld
configure:6119: checking if the linker (/usr/bin/ld) is GNU ld
configure:6134: result: yes
configure:6146: checking for BSD- or MS-compatible name lister (nm)
configure:6200: result: /usr/bin/nm -B
configure:6330: checking the name lister (/usr/bin/nm -B) interface
configure:6337: gcc -c -g -O0  conftest.c >&5
configure:6340: /usr/bin/nm -B "conftest.o"
configure:6343: output
0000000000000000 B some_variable
configure:6350: result: BSD nm
configure:6353: checking whether ln -s works
configure:6357: result: yes
configure:6365: checking the maximum length of command line arguments
configure:6496: result: 1572864
configure:6544: checking how to convert x86_64-pc-linux-gnu file names to x86_64-pc-linux-gnu format
configure:6584: result: func_convert_file_noop
configure:6591: checking how to convert x86_64-pc-linux-gnu file names to toolchain format
configure:6611: result: func_convert_file_noop
configure:6618: checking for /usr/bin/ld option to reload object files
configure:6625: result: -r
configure:6699: checking for objdump
configure:6715: found /usr/bin/objdump
configure:6726: result: objdump
configure:6758: checking how to recognize dependent libraries
configure:6958: result: pass_all
configure:7043: checking for dlltool
configure:7073: result: no
configure:7103: checking how to associate runtime and link libraries
configure:7130: result: printf %s\n
configure:7190: checking for ar
configure:7206: found /usr/bin/ar
configure:7217: result: ar
configure:7254: checking for archiver @FILE support
configure:7271: gcc -c -g -O0  conftest.c >&5
configure:7271: $? = 0
configure:7274: ar cru libconftest.a @conftest.lst >&5
ar: `u' modifier ignored since `D' is the default (see `U')
configure:7277: $? = 0
configure:7282: ar cru libconftest.a @conftest.lst >&5
ar: `u' modifier ignored since `D' is the default (see `U')
ar: conftest.o: No such file or directory
configure:7285: $? = 1
configure:7297: result: @
configure:7355: checking for strip
configure:7371: found /usr/bin/strip
configure:7382: result: strip
configure:7454: checking for ranlib
configure:7470: found /usr/bin/ranlib
configure:7481: result: ranlib
configure:7583: checking command to parse /usr/bin/nm -B output from gcc object
configure:7736: gcc -c -g -O0  conftest.c >&5
configure:7739: $? = 0
configure:7743: /usr/bin/nm -B conftest.o \| sed -n -e 's/^.*[ ]\([ABCDGIRSTW][ABCDGIRSTW]*\)[ ][ ]*\([_A-Za-z][_A-Za-z0-9]*\)$/\1 \2 \2/p' | sed '/ __gnu_lto/d' \> conftest.nm
configure:7746: $? = 0
configure:7812: gcc -o conftest -g -O0   conftest.c conftstm.o >&5
configure:7815: $? = 0
configure:7853: result: ok
configure:7900: checking for sysroot
configure:7930: result: no
configure:7937: checking for a working dd
configure:7975: result: /bin/dd
configure:7979: checking how to truncate binary pipes
configure:7994: result: /bin/dd bs=4096 count=1
configure:8130: gcc -c -g -O0  conftest.c >&5
configure:8133: $? = 0
configure:8323: checking for mt
configure:8339: found /bin/mt
configure:8350: result: mt
configure:8373: checking if mt is a manifest tool
configure:8379: mt '-?'
configure:8387: result: no
configure:9061: checking for dlfcn.h
configure:9061: gcc -c -g -O0  conftest.c >&5
configure:9061: $? = 0
configure:9061: result: yes
configure:9317: checking for objdir
configure:9332: result: .libs
configure:9592: checking if gcc supports -fno-rtti -fno-exceptions
configure:9610: gcc -c -g -O0  -fno-rtti -fno-exceptions conftest.c >&5
cc1: warning: command line option '-fno-rtti' is valid for C++/ObjC++ but not for C
configure:9614: $? = 0
configure:9627: result: no
configure:9985: checking for gcc option to produce PIC
configure:9992: result: -fPIC -DPIC
configure:10000: checking if gcc PIC flag -fPIC -DPIC works
configure:10018: gcc -c -g -O0  -fPIC -DPIC -DPIC conftest.c >&5
configure:10022: $? = 0
configure:10035: result: yes
configure:10064: checking if gcc static flag -static works
configure:10092: result: yes
configure:10107: checking if gcc supports -c -o file.o
configure:10128: gcc -c -g -O0  -o out/conftest2.o conftest.c >&5
configure:10132: $? = 0
configure:10154: result: yes
configure:10162: checking if gcc supports -c -o file.o
configure:10209: result: yes
configure:10242: checking whether the gcc linker (/usr/bin/ld -m elf_x86_64) supports shared libraries
configure:11505: result: yes
configure:11542: checking whether -lc should be explicitly linked in
configure:11550: gcc -c -g -O0  conftest.c >&5
configure:11553: $? = 0
configure:11568: gcc -shared  -fPIC -DPIC conftest.o  -v -Wl,-soname -Wl,conftest -o conftest 2\>\&1 \| /bin/grep  -lc  \>/dev/null 2\>\&1
configure:11571: $? = 0
configure:11585: result: no
configure:11745: checking dynamic linker characteristics
configure:12326: gcc -o conftest -g -O0   -Wl,-rpath -Wl,/foo conftest.c  >&5
configure:12326: $? = 0
configure:12575: result: GNU/Linux ld.so
configure:12697: checking how to hardcode library paths into programs
configure:12722: result: immediate
configure:13270: checking whether stripping libraries is possible
configure:13275: result: yes
configure:13310: checking if libtool supports shared libraries
configure:13312: result: yes
configure:13315: checking whether to build shared libraries
configure:13340: result: yes
configure:13343: checking whether to build static libraries
configure:13347: result: yes
configure:13500: checking that generated files are newer than configure
configure:13506: result: done
configure:13533: creating ./config.status

## ---------------------- ##
## Running config.status. ##
## ---------------------- ##

This file was extended by tsn_controller config.status 0.1, which was
generated by GNU Autoconf 2.69.  Invocation command line was

  CONFIG_FILES    = 
  CONFIG_HEADERS  = 
  CONFIG_LINKS    = 
  CONFIG_COMMANDS = 
  $ ./config.status 

on michael-ThinkPad-T480

config.status:1175: creating Makefile
config.status:1175: creating src/Makefile
config.status:1175: creating po/Makefile.in
config.status:1175: creating include/Makefile
config.status:1175: creating lib/Makefile
config.status:1175: creating lib/libsouthio/Makefile
config.status:1175: creating lib/libnorthio/Makefile
config.status:1175: creating lib/libtopology/Makefile
config.status:1175: creating lib/libresource/Makefile
config.status:1175: creating lib/libreserve/Makefile
config.status:1175: creating lib/libsched/Makefile
config.status:1175: creating lib/libstate/Makefile
config.status:1175: creating lib/libtool/Makefile
config.status:1175: creating lib/libjson/Makefile
config.status:1175: creating config.h
config.status:1341: config.h is unchanged
config.status:1389: executing depfiles commands
config.status:1389: executing default-1 commands
config.status:1389: executing libtool commands
config.status:1389: executing po/stamp-it commands
configure:15710: WARNING: unrecognized options: --enable-maintainer-mode

## ---------------- ##
## Cache variables. ##
## ---------------- ##

ac_cv_build=x86_64-pc-linux-gnu
ac_cv_c_compiler_gnu=yes
ac_cv_env_CC_set=
ac_cv_env_CC_value=
ac_cv_env_CFLAGS_set=set
ac_cv_env_CFLAGS_value='-g -O0'
ac_cv_env_CPPFLAGS_set=
ac_cv_env_CPPFLAGS_value=
ac_cv_env_CPP_set=
ac_cv_env_CPP_value=
ac_cv_env_LDFLAGS_set=
ac_cv_env_LDFLAGS_value=
ac_cv_env_LIBS_set=
ac_cv_env_LIBS_value=
ac_cv_env_LT_SYS_LIBRARY_PATH_set=
ac_cv_env_LT_SYS_LIBRARY_PATH_value=
ac_cv_env_build_alias_set=
ac_cv_env_build_alias_value=
ac_cv_env_host_alias_set=
ac_cv_env_host_alias_value=
ac_cv_env_target_alias_set=
ac_cv_env_target_alias_value=
ac_cv_func_bind_textdomain_codeset=yes
ac_cv_func_dcgettext=yes
ac_cv_header_dlfcn_h=yes
ac_cv_header_inttypes_h=yes
ac_cv_header_libintl_h=yes
ac_cv_header_locale_h=yes
ac_cv_header_memory_h=yes
ac_cv_header_stdc=yes
ac_cv_header_stdint_h=yes
ac_cv_header_stdlib_h=yes
ac_cv_header_string_h=yes
ac_cv_header_strings_h=yes
ac_cv_header_sys_stat_h=yes
ac_cv_header_sys_types_h=yes
ac_cv_header_unistd_h=yes
ac_cv_host=x86_64-pc-linux-gnu
ac_cv_objext=o
ac_cv_path_EGREP='/bin/grep -E'
ac_cv_path_FGREP='/bin/grep -F'
ac_cv_path_GMSGFMT=/usr/bin/msgfmt
ac_cv_path_GREP=/bin/grep
ac_cv_path_INTLTOOL_EXTRACT=/usr/bin/intltool-extract
ac_cv_path_INTLTOOL_MERGE=/usr/bin/intltool-merge
ac_cv_path_INTLTOOL_PERL=/usr/bin/perl
ac_cv_path_INTLTOOL_UPDATE=/usr/bin/intltool-update
ac_cv_path_MSGFMT=/usr/bin/msgfmt
ac_cv_path_MSGMERGE=/usr/bin/msgmerge
ac_cv_path_SED=/bin/sed
ac_cv_path_XGETTEXT=/usr/bin/xgettext
ac_cv_path_install='/usr/bin/install -c'
ac_cv_path_lt_DD=/bin/dd
ac_cv_path_mkdir=/bin/mkdir
ac_cv_prog_AWK=mawk
ac_cv_prog_CPP='gcc -E'
ac_cv_prog_ac_ct_AR=ar
ac_cv_prog_ac_ct_CC=gcc
ac_cv_prog_ac_ct_MANIFEST_TOOL=mt
ac_cv_prog_ac_ct_OBJDUMP=objdump
ac_cv_prog_ac_ct_RANLIB=ranlib
ac_cv_prog_ac_ct_STRIP=strip
ac_cv_prog_cc_c89=
ac_cv_prog_cc_g=yes
ac_cv_prog_make_make_set=yes
am_cv_CC_dependencies_compiler_type=gcc3
am_cv_make_support_nested_variables=yes
am_cv_prog_cc_c_o=yes
am_cv_val_LC_MESSAGES=yes
gt_cv_func_CFLocaleCopyCurrent=no
gt_cv_func_CFPreferencesCopyAppValue=no
gt_cv_func_dgettext_libc=yes
gt_cv_func_dgettext_libintl=no
gt_cv_func_ngettext_libc=yes
gt_cv_have_gettext=yes
lt_cv_ar_at_file=@
lt_cv_archive_cmds_need_lc=no
lt_cv_deplibs_check_method=pass_all
lt_cv_file_magic_cmd='$MAGIC_CMD'
lt_cv_file_magic_test_file=
lt_cv_ld_reload_flag=-r
lt_cv_nm_interface='BSD nm'
lt_cv_objdir=.libs
lt_cv_path_LD=/usr/bin/ld
lt_cv_path_NM='/usr/bin/nm -B'
lt_cv_path_mainfest_tool=no
lt_cv_prog_compiler_c_o=yes
lt_cv_prog_compiler_pic='-fPIC -DPIC'
lt_cv_prog_compiler_pic_works=yes
lt_cv_prog_compiler_rtti_exceptions=no
lt_cv_prog_compiler_static_works=yes
lt_cv_prog_gnu_ld=yes
lt_cv_sharedlib_from_linklib_cmd='printf %s\n'
lt_cv_shlibpath_overrides_runpath=yes
lt_cv_sys_global_symbol_pipe='sed -n -e '\''s/^.*[	 ]\([ABCDGIRSTW][ABCDGIRSTW]*\)[	 ][	 ]*\([_A-Za-z][_A-Za-z0-9]*\)$/\1 \2 \2/p'\'' | sed '\''/ __gnu_lto/d'\'''
lt_cv_sys_global_symbol_to_c_name_address='sed -n -e '\''s/^: \(.*\) .*$/  {"\1", (void *) 0},/p'\'' -e '\''s/^[ABCDGIRSTW][ABCDGIRSTW]* .* \(.*\)$/  {"\1", (void *) \&\1},/p'\'''
lt_cv_sys_global_symbol_to_c_name_address_lib_prefix='sed -n -e '\''s/^: \(.*\) .*$/  {"\1", (void *) 0},/p'\'' -e '\''s/^[ABCDGIRSTW][ABCDGIRSTW]* .* \(lib.*\)$/  {"\1", (void *) \&\1},/p'\'' -e '\''s/^[ABCDGIRSTW][ABCDGIRSTW]* .* \(.*\)$/  {"lib\1", (void *) \&\1},/p'\'''
lt_cv_sys_global_symbol_to_cdecl='sed -n -e '\''s/^T .* \(.*\)$/extern int \1();/p'\'' -e '\''s/^[ABCDGIRSTW][ABCDGIRSTW]* .* \(.*\)$/extern char \1;/p'\'''
lt_cv_sys_global_symbol_to_import=
lt_cv_sys_max_cmd_len=1572864
lt_cv_to_host_file_cmd=func_convert_file_noop
lt_cv_to_tool_file_cmd=func_convert_file_noop
lt_cv_truncate_bin='/bin/dd bs=4096 count=1'

## ----------------- ##
## Output variables. ##
## ----------------- ##

ACLOCAL='${SHELL} /home/michael/Documents/tsn_controller/missing aclocal-1.15'
ALL_LINGUAS=''
AMDEPBACKSLASH='\'
AMDEP_FALSE='#'
AMDEP_TRUE=''
AMTAR='$${TAR-tar}'
AM_BACKSLASH='\'
AM_DEFAULT_V='$(AM_DEFAULT_VERBOSITY)'
AM_DEFAULT_VERBOSITY='0'
AM_V='$(V)'
AR='ar'
AUTOCONF='${SHELL} /home/michael/Documents/tsn_controller/missing autoconf'
AUTOHEADER='${SHELL} /home/michael/Documents/tsn_controller/missing autoheader'
AUTOMAKE='${SHELL} /home/michael/Documents/tsn_controller/missing automake-1.15'
AWK='mawk'
CATALOGS=''
CATOBJEXT='.gmo'
CC='gcc'
CCDEPMODE='depmode=gcc3'
CFLAGS='-g -O0'
CPP='gcc -E'
CPPFLAGS=''
CYGPATH_W='echo'
DATADIRNAME='share'
DEFS='-DHAVE_CONFIG_H'
DEPDIR='.deps'
DLLTOOL='false'
DSYMUTIL=''
DUMPBIN=''
ECHO_C=''
ECHO_N='-n'
ECHO_T=''
EGREP='/bin/grep -E'
EXEEXT=''
FGREP='/bin/grep -F'
GETTEXT_PACKAGE='tsn_controller'
GMOFILES=''
GMSGFMT='/usr/bin/msgfmt'
GREP='/bin/grep'
INSTALL_DATA='${INSTALL} -m 644'
INSTALL_PROGRAM='${INSTALL}'
INSTALL_SCRIPT='${INSTALL}'
INSTALL_STRIP_PROGRAM='$(install_sh) -c -s'
INSTOBJEXT='.mo'
INTLLIBS=''
INTLTOOL_CAVES_RULE='%.caves:     %.caves.in     $(INTLTOOL_MERGE) $(wildcard $(top_srcdir)/po/*.po) ; $(INTLTOOL_V_MERGE)LC_ALL=C $(INTLTOOL_MERGE) $(INTLTOOL_V_MERGE_OPTIONS) -d -u -c $(top_builddir)/po/.intltool-merge-cache $(top_srcdir)/po $< $@'
INTLTOOL_DESKTOP_RULE='%.desktop:   %.desktop.in   $(INTLTOOL_MERGE) $(wildcard $(top_srcdir)/po/*.po) ; $(INTLTOOL_V_MERGE)LC_ALL=C $(INTLTOOL_MERGE) $(INTLTOOL_V_MERGE_OPTIONS) -d -u -c $(top_builddir)/po/.intltool-merge-cache $(top_srcdir)/po $< $@'
INTLTOOL_DIRECTORY_RULE='%.directory: %.directory.in $(INTLTOOL_MERGE) $(wildcard $(top_srcdir)/po/*.po) ; $(INTLTOOL_V_MERGE)LC_ALL=C $(INTLTOOL_MERGE) $(INTLTOOL_V_MERGE_OPTIONS) -d -u -c $(top_builddir)/po/.intltool-merge-cache $(top_srcdir)/po $< $@'
INTLTOOL_EXTRACT='/usr/bin/intltool-extract'
INTLTOOL_KBD_RULE='%.kbd:       %.kbd.in       $(INTLTOOL_MERGE) $(wildcard $(top_srcdir)/po/*.po) ; $(INTLTOOL_V_MERGE)LC_ALL=C $(INTLTOOL_MERGE) $(INTLTOOL_V_MERGE_OPTIONS) -x -u -m -c $(top_builddir)/po/.intltool-merge-cache $(top_srcdir)/po $< $@'
INTLTOOL_KEYS_RULE='%.keys:      %.keys.in      $(INTLTOOL_MERGE) $(wildcard $(top_srcdir)/po/*.po) ; $(INTLTOOL_V_MERGE)LC_ALL=C $(INTLTOOL_MERGE) $(INTLTOOL_V_MERGE_OPTIONS) -k -u -c $(top_builddir)/po/.intltool-merge-cache $(top_srcdir)/po $< $@'
INTLTOOL_MERGE='/usr/bin/intltool-merge'
INTLTOOL_OAF_RULE='%.oaf:       %.oaf.in       $(INTLTOOL_MERGE) $(wildcard $(top_srcdir)/po/*.po) ; $(INTLTOOL_V_MERGE)LC_ALL=C $(INTLTOOL_MERGE) $(INTLTOOL_V_MERGE_OPTIONS) -o -p $(top_srcdir)/po $< $@'
INTLTOOL_PERL='/usr/bin/perl'
INTLTOOL_POLICY_RULE='%.policy:    %.policy.in    $(INTLTOOL_MERGE) $(wildcard $(top_srcdir)/po/*.po) ; $(INTLTOOL_V_MERGE)LC_ALL=C $(INTLTOOL_MERGE) $(INTLTOOL_V_MERGE_OPTIONS) -x -u -c $(top_builddir)/po/.intltool-merge-cache $(top_srcdir)/po $< $@'
INTLTOOL_PONG_RULE='%.pong:      %.pong.in      $(INTLTOOL_MERGE) $(wildcard $(top_srcdir)/po/*.po) ; $(INTLTOOL_V_MERGE)LC_ALL=C $(INTLTOOL_MERGE) $(INTLTOOL_V_MERGE_OPTIONS) -x -u -c $(top_builddir)/po/.intltool-merge-cache $(top_srcdir)/po $< $@'
INTLTOOL_PROP_RULE='%.prop:      %.prop.in      $(INTLTOOL_MERGE) $(wildcard $(top_srcdir)/po/*.po) ; $(INTLTOOL_V_MERGE)LC_ALL=C $(INTLTOOL_MERGE) $(INTLTOOL_V_MERGE_OPTIONS) -d -u -c $(top_builddir)/po/.intltool-merge-cache $(top_srcdir)/po $< $@'
INTLTOOL_SCHEMAS_RULE='%.schemas:   %.schemas.in   $(INTLTOOL_MERGE) $(wildcard $(top_srcdir)/po/*.po) ; $(INTLTOOL_V_MERGE)LC_ALL=C $(INTLTOOL_MERGE) $(INTLTOOL_V_MERGE_OPTIONS) -s -u -c $(top_builddir)/po/.intltool-merge-cache $(top_srcdir)/po $< $@'
INTLTOOL_SERVER_RULE='%.server:    %.server.in    $(INTLTOOL_MERGE) $(wildcard $(top_srcdir)/po/*.po) ; $(INTLTOOL_V_MERGE)LC_ALL=C $(INTLTOOL_MERGE) $(INTLTOOL_V_MERGE_OPTIONS) -o -u -c $(top_builddir)/po/.intltool-merge-cache $(top_srcdir)/po $< $@'
INTLTOOL_SERVICE_RULE='%.service: %.service.in   $(INTLTOOL_MERGE) $(wildcard $(top_srcdir)/po/*.po) ; $(INTLTOOL_V_MERGE)LC_ALL=C $(INTLTOOL_MERGE) $(INTLTOOL_V_MERGE_OPTIONS) -d -u -c $(top_builddir)/po/.intltool-merge-cache $(top_srcdir)/po $< $@'
INTLTOOL_SHEET_RULE='%.sheet:     %.sheet.in     $(INTLTOOL_MERGE) $(wildcard $(top_srcdir)/po/*.po) ; $(INTLTOOL_V_MERGE)LC_ALL=C $(INTLTOOL_MERGE) $(INTLTOOL_V_MERGE_OPTIONS) -x -u -c $(top_builddir)/po/.intltool-merge-cache $(top_srcdir)/po $< $@'
INTLTOOL_SOUNDLIST_RULE='%.soundlist: %.soundlist.in $(INTLTOOL_MERGE) $(wildcard $(top_srcdir)/po/*.po) ; $(INTLTOOL_V_MERGE)LC_ALL=C $(INTLTOOL_MERGE) $(INTLTOOL_V_MERGE_OPTIONS) -d -u -c $(top_builddir)/po/.intltool-merge-cache $(top_srcdir)/po $< $@'
INTLTOOL_THEME_RULE='%.theme:     %.theme.in     $(INTLTOOL_MERGE) $(wildcard $(top_srcdir)/po/*.po) ; $(INTLTOOL_V_MERGE)LC_ALL=C $(INTLTOOL_MERGE) $(INTLTOOL_V_MERGE_OPTIONS) -d -u -c $(top_builddir)/po/.intltool-merge-cache $(top_srcdir)/po $< $@'
INTLTOOL_UI_RULE='%.ui:        %.ui.in        $(INTLTOOL_MERGE) $(wildcard $(top_srcdir)/po/*.po) ; $(INTLTOOL_V_MERGE)LC_ALL=C $(INTLTOOL_MERGE) $(INTLTOOL_V_MERGE_OPTIONS) -x -u -c $(top_builddir)/po/.intltool-merge-cache $(top_srcdir)/po $< $@'
INTLTOOL_UPDATE='/usr/bin/intltool-update'
INTLTOOL_V_MERGE='$(INTLTOOL__v_MERGE_$(V))'
INTLTOOL_V_MERGE_OPTIONS='$(intltool__v_merge_options_$(V))'
INTLTOOL_XAM_RULE='%.xam:       %.xml.in       $(INTLTOOL_MERGE) $(wildcard $(top_srcdir)/po/*.po) ; $(INTLTOOL_V_MERGE)LC_ALL=C $(INTLTOOL_MERGE) $(INTLTOOL_V_MERGE_OPTIONS) -x -u -c $(top_builddir)/po/.intltool-merge-cache $(top_srcdir)/po $< $@'
INTLTOOL_XML_NOMERGE_RULE='%.xml:       %.xml.in       $(INTLTOOL_MERGE) ; $(INTLTOOL_V_MERGE)LC_ALL=C $(INTLTOOL_MERGE) $(INTLTOOL_V_MERGE_OPTIONS) -x -u --no-translations $< $@'
INTLTOOL_XML_RULE='%.xml:       %.xml.in       $(INTLTOOL_MERGE) $(wildcard $(top_srcdir)/po/*.po) ; $(INTLTOOL_V_MERGE)LC_ALL=C $(INTLTOOL_MERGE) $(INTLTOOL_V_MERGE_OPTIONS) -x -u -c $(top_builddir)/po/.intltool-merge-cache $(top_srcdir)/po $< $@'
INTLTOOL__v_MERGE_0='@echo "  ITMRG " $@;'
INTLTOOL__v_MERGE_='$(INTLTOOL__v_MERGE_$(AM_DEFAULT_VERBOSITY))'
INTL_MACOSX_LIBS=''
LD='/usr/bin/ld -m elf_x86_64'
LDFLAGS=''
LIBOBJS=''
LIBS=''
LIBTOOL='$(SHELL) $(top_builddir)/libtool'
LIPO=''
LN_S='ln -s'
LTLIBOBJS=''
LT_SYS_LIBRARY_PATH=''
MAKEINFO='${SHELL} /home/michael/Documents/tsn_controller/missing makeinfo'
MANIFEST_TOOL=':'
MKDIR_P='/bin/mkdir -p'
MKINSTALLDIRS='/home/michael/Documents/tsn_controller/mkinstalldirs'
MSGFMT='/usr/bin/msgfmt'
MSGFMT_OPTS='-c'
MSGMERGE='/usr/bin/msgmerge'
NM='/usr/bin/nm -B'
NMEDIT=''
OBJDUMP='objdump'
OBJEXT='o'
OTOOL64=''
OTOOL=''
PACKAGE='tsn_controller'
PACKAGE_BUGREPORT=''
PACKAGE_NAME='tsn_controller'
PACKAGE_STRING='tsn_controller 0.1'
PACKAGE_TARNAME='tsn_controller'
PACKAGE_URL=''
PACKAGE_VERSION='0.1'
PATH_SEPARATOR=':'
POFILES=''
POSUB='po'
PO_IN_DATADIR_FALSE=''
PO_IN_DATADIR_TRUE=''
RANLIB='ranlib'
SED='/bin/sed'
SET_MAKE=''
SHELL='/bin/sh'
STRIP='strip'
USE_NLS='yes'
VERSION='0.1'
XGETTEXT='/usr/bin/xgettext'
ac_ct_AR='ar'
ac_ct_CC='gcc'
ac_ct_DUMPBIN=''
am__EXEEXT_FALSE=''
am__EXEEXT_TRUE='#'
am__fastdepCC_FALSE='#'
am__fastdepCC_TRUE=''
am__include='include'
am__isrc=' -I$(srcdir)'
am__leading_dot='.'
am__nodep='_no'
am__quote=''
am__tar='$${TAR-tar} chof - "$$tardir"'
am__untar='$${TAR-tar} xf -'
bindir='${exec_prefix}/bin'
build='x86_64-pc-linux-gnu'
build_alias=''
build_cpu='x86_64'
build_os='linux-gnu'
build_vendor='pc'
datadir='${datarootdir}'
datarootdir='${prefix}/share'
docdir='${datarootdir}/doc/${PACKAGE_TARNAME}'
dvidir='${docdir}'
exec_prefix='${prefix}'
host='x86_64-pc-linux-gnu'
host_alias=''
host_cpu='x86_64'
host_os='linux-gnu'
host_vendor='pc'
htmldir='${docdir}'
includedir='${prefix}/include'
infodir='${datarootdir}/info'
install_sh='${SHELL} /home/michael/Documents/tsn_controller/install-sh'
intltool__v_merge_options_0='-q'
intltool__v_merge_options_='$(intltool__v_merge_options_$(AM_DEFAULT_VERBOSITY))'
libdir='${exec_prefix}/lib'
libexecdir='${exec_prefix}/libexec'
localedir='${datarootdir}/locale'
localstatedir='${prefix}/var'
mandir='${datarootdir}/man'
mkdir_p='$(MKDIR_P)'
oldincludedir='/usr/include'
pdfdir='${docdir}'
prefix='/usr/local'
program_transform_name='s,x,x,'
psdir='${docdir}'
runstatedir='${localstatedir}/run'
sbindir='${exec_prefix}/sbin'
sharedstatedir='${prefix}/com'
sysconfdir='${prefix}/etc'
target_alias=''

## ----------- ##
## confdefs.h. ##
## ----------- ##

/* confdefs.h */
#define PACKAGE_NAME "tsn_controller"
#define PACKAGE_TARNAME "tsn_controller"
#define PACKAGE_VERSION "0.1"
#define PACKAGE_STRING "tsn_controller 0.1"
#define PACKAGE_BUGREPORT ""
#define PACKAGE_URL ""
#define PACKAGE "tsn_controller"
#define VERSION "0.1"
#define GETTEXT_PACKAGE "tsn_controller"
#define STDC_HEADERS 1
#define HAVE_SYS_TYPES_H 1
#define HAVE_SYS_STAT_H 1
#define HAVE_STDLIB_H 1
#define HAVE_STRING_H 1
#define HAVE_MEMORY_H 1
#define HAVE_STRINGS_H 1
#define HAVE_INTTYPES_H 1
#define HAVE_STDINT_H 1
#define HAVE_UNISTD_H 1
#define HAVE_LOCALE_H 1
#define HAVE_LC_MESSAGES 1
#define HAVE_BIND_TEXTDOMAIN_CODESET 1
#define HAVE_GETTEXT 1
#define HAVE_DCGETTEXT 1
#define ENABLE_NLS 1
#define HAVE_DLFCN_H 1
#define LT_OBJDIR ".libs/"

configure: exit 0

## ---------------------- ##
## Running config.status. ##
## ---------------------- ##

This file was extended by tsn_controller config.status 0.1, which was
generated by GNU Autoconf 2.69.  Invocation command line was

  CONFIG_FILES    = 
  CONFIG_HEADERS  = 
  CONFIG_LINKS    = 
  CONFIG_COMMANDS = 
  $ ./config.status lib/libresource/Makefile depfiles

on michael-ThinkPad-T480

config.status:1175: creating lib/libresource/Makefile
config.status:1389: executing depfiles commands

## ---------------------- ##
## Running config.status. ##
## ---------------------- ##

This file was extended by tsn_controller config.status 0.1, which was
generated by GNU Autoconf 2.69.  Invocation command line was

  CONFIG_FILES    = 
  CONFIG_HEADERS  = 
  CONFIG_LINKS    = 
  CONFIG_COMMANDS = 
  $ ./config.status lib/libresource/Makefile depfiles

on michael-ThinkPad-T480

config.status:1175: creating lib/libresource/Makefile
config.status:1389: executing depfiles commands

## ---------------------- ##
## Running config.status. ##
## ---------------------- ##

This file was extended by tsn_controller config.status 0.1, which was
generated by GNU Autoconf 2.69.  Invocation command line was

  CONFIG_FILES    = 
  CONFIG_HEADERS  = 
  CONFIG_LINKS    = 
  CONFIG_COMMANDS = 
  $ ./config.status lib/libsched/Makefile depfiles

on michael-ThinkPad-T480

config.status:1175: creating lib/libsched/Makefile
config.status:1389: executing depfiles commands

## ---------------------- ##
## Running config.status. ##
## ---------------------- ##

This file was extended by tsn_controller config.status 0.1, which was
generated by GNU Autoconf 2.69.  Invocation command line was

  CONFIG_FILES    = 
  CONFIG_HEADERS  = 
  CONFIG_LINKS    = 
  CONFIG_COMMANDS = 
  $ ./config.status lib/libstate/Makefile depfiles

on michael-ThinkPad-T480

config.status:1175: creating lib/libstate/Makefile
config.status:1389: executing depfiles commands
